<?xml version="1.0" encoding="UTF-8"?>
<!-- Generated by org.testng.reporters.JUnitXMLReporter -->
<testsuite ignored="0" hostname="DELL" failures="0" tests="3" name="Default test" time="122.006" errors="0" timestamp="2024-03-29T17:55:25 IST">
  <testcase classname="com.CrmProTest.qa.Test.HomePageTest" name="verifyhomepagetitletest" time="0.061"/>
  <testcase classname="com.CrmProTest.qa.Test.HomePageTest" name="verifyhomelabel" time="0.174"/>
  <testcase classname="com.CrmProTest.qa.Test.HomePageTest" name="verifyclickoncontacts" time="2.966"/>
</testsuite> <!-- Default test -->
