<?xml version="1.0" encoding="UTF-8"?>
<!-- Generated by org.testng.reporters.JUnitXMLReporter -->
<testsuite ignored="0" hostname="DELL" failures="0" tests="6" name="CRMPRO" time="171.388" errors="0" timestamp="2024-03-30T11:52:20 IST">
  <testcase classname="com.CrmProTest.qa.Test.LoginPageTest" name="logintitle" time="0.046"/>
  <testcase classname="com.CrmProTest.qa.Test.LoginPageTest" name="logotest" time="1.199"/>
  <testcase classname="com.CrmProTest.qa.Test.LoginPageTest" name="logintest" time="16.402"/>
  <testcase classname="com.CrmProTest.qa.Test.HomePageTest" name="verifyhomepagetitletest" time="0.014"/>
  <testcase classname="com.CrmProTest.qa.Test.HomePageTest" name="verifyhomelabel" time="0.093"/>
  <testcase classname="com.CrmProTest.qa.Test.HomePageTest" name="verifyclickoncontacts" time="2.6"/>
</testsuite> <!-- CRMPRO -->
