<?xml version="1.0" encoding="UTF-8"?>
<testng-results ignored="0" total="6" passed="6" failed="0" skipped="0">
  <reporter-output>
  </reporter-output>
  <suite started-at="2024-03-30T11:49:28 IST" name="CRMPRO session" finished-at="2024-03-30T11:52:19 IST" duration-ms="171388">
    <groups>
    </groups>
    <test started-at="2024-03-30T11:49:28 IST" name="CRMPRO" finished-at="2024-03-30T11:52:19 IST" duration-ms="171388">
      <class name="com.CrmProTest.qa.Test.LoginPageTest">
        <test-method is-config="true" signature="setup()[pri:0, instance:com.CrmProTest.qa.Test.LoginPageTest@33065d67]" started-at="2024-03-30T11:49:28 IST" name="setup" finished-at="2024-03-30T11:49:41 IST" duration-ms="13294" status="PASS">
          <reporter-output>
          </reporter-output>
        </test-method> <!-- setup -->
        <test-method signature="logintitle()[pri:1, instance:com.CrmProTest.qa.Test.LoginPageTest@33065d67]" started-at="2024-03-30T11:49:41 IST" name="logintitle" finished-at="2024-03-30T11:49:41 IST" duration-ms="46" status="PASS">
          <reporter-output>
          </reporter-output>
        </test-method> <!-- logintitle -->
        <test-method is-config="true" signature="close()[pri:0, instance:com.CrmProTest.qa.Test.LoginPageTest@33065d67]" started-at="2024-03-30T11:49:41 IST" name="close" finished-at="2024-03-30T11:49:41 IST" duration-ms="139" status="PASS">
          <reporter-output>
          </reporter-output>
        </test-method> <!-- close -->
        <test-method is-config="true" signature="setup()[pri:0, instance:com.CrmProTest.qa.Test.LoginPageTest@33065d67]" started-at="2024-03-30T11:49:41 IST" name="setup" finished-at="2024-03-30T11:49:52 IST" duration-ms="10799" status="PASS">
          <reporter-output>
          </reporter-output>
        </test-method> <!-- setup -->
        <test-method signature="logotest()[pri:2, instance:com.CrmProTest.qa.Test.LoginPageTest@33065d67]" started-at="2024-03-30T11:49:52 IST" name="logotest" finished-at="2024-03-30T11:49:53 IST" duration-ms="1199" status="PASS">
          <reporter-output>
          </reporter-output>
        </test-method> <!-- logotest -->
        <test-method is-config="true" signature="close()[pri:0, instance:com.CrmProTest.qa.Test.LoginPageTest@33065d67]" started-at="2024-03-30T11:49:53 IST" name="close" finished-at="2024-03-30T11:49:54 IST" duration-ms="132" status="PASS">
          <reporter-output>
          </reporter-output>
        </test-method> <!-- close -->
        <test-method is-config="true" signature="setup()[pri:0, instance:com.CrmProTest.qa.Test.LoginPageTest@33065d67]" started-at="2024-03-30T11:49:54 IST" name="setup" finished-at="2024-03-30T11:50:04 IST" duration-ms="10437" status="PASS">
          <reporter-output>
          </reporter-output>
        </test-method> <!-- setup -->
        <test-method signature="logintest()[pri:3, instance:com.CrmProTest.qa.Test.LoginPageTest@33065d67]" started-at="2024-03-30T11:50:04 IST" name="logintest" finished-at="2024-03-30T11:50:20 IST" duration-ms="16402" status="PASS">
          <reporter-output>
          </reporter-output>
        </test-method> <!-- logintest -->
        <test-method is-config="true" signature="close()[pri:0, instance:com.CrmProTest.qa.Test.LoginPageTest@33065d67]" started-at="2024-03-30T11:50:20 IST" name="close" finished-at="2024-03-30T11:50:21 IST" duration-ms="135" status="PASS">
          <reporter-output>
          </reporter-output>
        </test-method> <!-- close -->
      </class> <!-- com.CrmProTest.qa.Test.LoginPageTest -->
      <class name="com.CrmProTest.qa.Test.HomePageTest">
        <test-method is-config="true" signature="setup()[pri:0, instance:com.CrmProTest.qa.Test.HomePageTest@231f98ef]" started-at="2024-03-30T11:50:21 IST" name="setup" finished-at="2024-03-30T11:51:01 IST" duration-ms="40825" status="PASS">
          <reporter-output>
          </reporter-output>
        </test-method> <!-- setup -->
        <test-method signature="verifyhomepagetitletest()[pri:1, instance:com.CrmProTest.qa.Test.HomePageTest@231f98ef]" started-at="2024-03-30T11:51:01 IST" name="verifyhomepagetitletest" finished-at="2024-03-30T11:51:01 IST" duration-ms="14" status="PASS">
          <reporter-output>
          </reporter-output>
        </test-method> <!-- verifyhomepagetitletest -->
        <test-method is-config="true" signature="close()[pri:0, instance:com.CrmProTest.qa.Test.HomePageTest@231f98ef]" started-at="2024-03-30T11:51:01 IST" name="close" finished-at="2024-03-30T11:51:02 IST" duration-ms="162" status="PASS">
          <reporter-output>
          </reporter-output>
        </test-method> <!-- close -->
        <test-method is-config="true" signature="setup()[pri:0, instance:com.CrmProTest.qa.Test.HomePageTest@231f98ef]" started-at="2024-03-30T11:51:02 IST" name="setup" finished-at="2024-03-30T11:51:39 IST" duration-ms="37355" status="PASS">
          <reporter-output>
          </reporter-output>
        </test-method> <!-- setup -->
        <test-method signature="verifyhomelabel()[pri:2, instance:com.CrmProTest.qa.Test.HomePageTest@231f98ef]" started-at="2024-03-30T11:51:39 IST" name="verifyhomelabel" finished-at="2024-03-30T11:51:39 IST" duration-ms="93" status="PASS">
          <reporter-output>
          </reporter-output>
        </test-method> <!-- verifyhomelabel -->
        <test-method is-config="true" signature="close()[pri:0, instance:com.CrmProTest.qa.Test.HomePageTest@231f98ef]" started-at="2024-03-30T11:51:39 IST" name="close" finished-at="2024-03-30T11:51:39 IST" duration-ms="142" status="PASS">
          <reporter-output>
          </reporter-output>
        </test-method> <!-- close -->
        <test-method is-config="true" signature="setup()[pri:0, instance:com.CrmProTest.qa.Test.HomePageTest@231f98ef]" started-at="2024-03-30T11:51:39 IST" name="setup" finished-at="2024-03-30T11:52:16 IST" duration-ms="37220" status="PASS">
          <reporter-output>
          </reporter-output>
        </test-method> <!-- setup -->
        <test-method signature="verifyclickoncontacts()[pri:3, instance:com.CrmProTest.qa.Test.HomePageTest@231f98ef]" started-at="2024-03-30T11:52:16 IST" name="verifyclickoncontacts" finished-at="2024-03-30T11:52:19 IST" duration-ms="2600" status="PASS">
          <reporter-output>
          </reporter-output>
        </test-method> <!-- verifyclickoncontacts -->
        <test-method is-config="true" signature="close()[pri:0, instance:com.CrmProTest.qa.Test.HomePageTest@231f98ef]" started-at="2024-03-30T11:52:19 IST" name="close" finished-at="2024-03-30T11:52:19 IST" duration-ms="177" status="PASS">
          <reporter-output>
          </reporter-output>
        </test-method> <!-- close -->
      </class> <!-- com.CrmProTest.qa.Test.HomePageTest -->
    </test> <!-- CRMPRO -->
  </suite> <!-- CRMPRO session -->
</testng-results>
